<?xml version="1.0" encoding="UTF-8"?>
<!-- Generated by org.testng.reporters.JUnitXMLReporter -->
<testsuite ignored="0" hostname="LAPTOP-F9GTT2QO" failures="0" tests="3" name="Default test" time="54.75" errors="0" timestamp="2024-09-13T07:47:28 IST">
  <testcase classname="com.eRail.testCases.checkFourthPositionAndCompareDestinationAndSortDate" name="selectFourthPositionFromDropdownAndPrint" time="1.281"/>
  <testcase classname="com.eRail.testCases.checkFourthPositionAndCompareDestinationAndSortDate" name="compareDestinationsWithExcelSheet" time="6.618"/>
  <testcase classname="com.eRail.testCases.checkFourthPositionAndCompareDestinationAndSortDate" name="sortingAndSelectDate" time="0.495"/>
</testsuite> <!-- Default test -->
