<?xml version="1.0" encoding="UTF-8"?>
<testng-results ignored="0" total="3" passed="3" failed="0" skipped="0">
  <reporter-output>
    <line>
      <![CDATA[Reading data from peroperty file]]>
    </line>
    <line>
      <![CDATA[data is https://erail.in/]]>
    </line>
    <line>
      <![CDATA[Open the web application]]>
    </line>
    <line>
      <![CDATA[Click on the from textfield]]>
    </line>
    <line>
      <![CDATA[Clear the from textfield]]>
    </line>
    <line>
      <![CDATA[User enter text in From textfield]]>
    </line>
    <line>
      <![CDATA[Click on the 4th position from 'From' textfield]]>
    </line>
    <line>
      <![CDATA[Reading data from peroperty file]]>
    </line>
    <line>
      <![CDATA[data is https://erail.in/]]>
    </line>
    <line>
      <![CDATA[Open the web application]]>
    </line>
    <line>
      <![CDATA[Click on the from textfield]]>
    </line>
    <line>
      <![CDATA[Clear the from textfield]]>
    </line>
    <line>
      <![CDATA[User enter text in From textfield-DEL]]>
    </line>
    <line>
      <![CDATA[Check Dendluru city name in from textfield]]>
    </line>
    <line>
      <![CDATA[Check Delhi city name in from textfield]]>
    </line>
    <line>
      <![CDATA[Check Delang city name in from textfield]]>
    </line>
    <line>
      <![CDATA[Click on the from textfield]]>
    </line>
    <line>
      <![CDATA[User enter text in From textfield-pune]]>
    </line>
    <line>
      <![CDATA[Check pune city name in from textfield]]>
    </line>
    <line>
      <![CDATA[Click on the from textfield]]>
    </line>
    <line>
      <![CDATA[User enter text in From textfield-mumbai]]>
    </line>
    <line>
      <![CDATA[Check pune city name in from textfield]]>
    </line>
    <line>
      <![CDATA[Reading data from peroperty file]]>
    </line>
    <line>
      <![CDATA[data is https://erail.in/]]>
    </line>
    <line>
      <![CDATA[Open the web application]]>
    </line>
    <line>
      <![CDATA[Click on the 'Sort on Date' textfield]]>
    </line>
    <line>
      <![CDATA[select date from sort on date field]]>
    </line>
  </reporter-output>
  <suite started-at="2024-09-13T07:46:33 IST" name="Default suite" finished-at="2024-09-13T07:47:28 IST" duration-ms="54750">
    <groups>
    </groups>
    <test started-at="2024-09-13T07:46:33 IST" name="Default test" finished-at="2024-09-13T07:47:28 IST" duration-ms="54750">
      <class name="com.eRail.testCases.checkFourthPositionAndCompareDestinationAndSortDate">
        <test-method is-config="true" signature="beforeMethod()[pri:0, instance:com.eRail.testCases.checkFourthPositionAndCompareDestinationAndSortDate@431cd9b2]" started-at="2024-09-13T07:46:33 IST" name="beforeMethod" finished-at="2024-09-13T07:46:41 IST" duration-ms="7537" status="PASS">
          <reporter-output>
            <line>
              <![CDATA[Reading data from peroperty file]]>
            </line>
            <line>
              <![CDATA[data is https://erail.in/]]>
            </line>
            <line>
              <![CDATA[Open the web application]]>
            </line>
          </reporter-output>
        </test-method> <!-- beforeMethod -->
        <test-method signature="selectFourthPositionFromDropdownAndPrint()[pri:-3, instance:com.eRail.testCases.checkFourthPositionAndCompareDestinationAndSortDate@431cd9b2]" started-at="2024-09-13T07:46:41 IST" name="selectFourthPositionFromDropdownAndPrint" finished-at="2024-09-13T07:46:42 IST" duration-ms="1281" status="PASS">
          <reporter-output>
            <line>
              <![CDATA[Click on the from textfield]]>
            </line>
            <line>
              <![CDATA[Clear the from textfield]]>
            </line>
            <line>
              <![CDATA[User enter text in From textfield]]>
            </line>
            <line>
              <![CDATA[Click on the 4th position from 'From' textfield]]>
            </line>
          </reporter-output>
        </test-method> <!-- selectFourthPositionFromDropdownAndPrint -->
        <test-method is-config="true" signature="tearDown(org.testng.ITestResult)[pri:0, instance:com.eRail.testCases.checkFourthPositionAndCompareDestinationAndSortDate@431cd9b2]" started-at="2024-09-13T07:46:42 IST" name="tearDown" finished-at="2024-09-13T07:46:42 IST" duration-ms="5" status="PASS">
          <params>
            <param index="0">
              <value>
                <![CDATA[[TestResult name=selectFourthPositionFromDropdownAndPrint status=SUCCESS method=checkFourthPositionAndCompareDestinationAndSortDate.selectFourthPositionFromDropdownAndPrint()[pri:-3, instance:com.eRail.testCases.checkFourthPositionAndCompareDestinationAndSortDate@431cd9b2] output=Click on the from textfield]]]>
              </value>
            </param>
          </params>
          <reporter-output>
          </reporter-output>
        </test-method> <!-- tearDown -->
        <test-method is-config="true" signature="beforeMethod()[pri:0, instance:com.eRail.testCases.checkFourthPositionAndCompareDestinationAndSortDate@431cd9b2]" started-at="2024-09-13T07:46:42 IST" name="beforeMethod" finished-at="2024-09-13T07:46:46 IST" duration-ms="3974" status="PASS">
          <reporter-output>
            <line>
              <![CDATA[Reading data from peroperty file]]>
            </line>
            <line>
              <![CDATA[data is https://erail.in/]]>
            </line>
            <line>
              <![CDATA[Open the web application]]>
            </line>
          </reporter-output>
        </test-method> <!-- beforeMethod -->
        <test-method signature="compareDestinationsWithExcelSheet()[pri:-2, instance:com.eRail.testCases.checkFourthPositionAndCompareDestinationAndSortDate@431cd9b2]" started-at="2024-09-13T07:46:46 IST" name="compareDestinationsWithExcelSheet" finished-at="2024-09-13T07:46:53 IST" duration-ms="6618" status="PASS">
          <reporter-output>
            <line>
              <![CDATA[Click on the from textfield]]>
            </line>
            <line>
              <![CDATA[Clear the from textfield]]>
            </line>
            <line>
              <![CDATA[User enter text in From textfield-DEL]]>
            </line>
            <line>
              <![CDATA[Check Dendluru city name in from textfield]]>
            </line>
            <line>
              <![CDATA[Check Delhi city name in from textfield]]>
            </line>
            <line>
              <![CDATA[Check Delang city name in from textfield]]>
            </line>
            <line>
              <![CDATA[Click on the from textfield]]>
            </line>
            <line>
              <![CDATA[User enter text in From textfield-pune]]>
            </line>
            <line>
              <![CDATA[Check pune city name in from textfield]]>
            </line>
            <line>
              <![CDATA[Click on the from textfield]]>
            </line>
            <line>
              <![CDATA[User enter text in From textfield-mumbai]]>
            </line>
            <line>
              <![CDATA[Check pune city name in from textfield]]>
            </line>
          </reporter-output>
        </test-method> <!-- compareDestinationsWithExcelSheet -->
        <test-method is-config="true" signature="tearDown(org.testng.ITestResult)[pri:0, instance:com.eRail.testCases.checkFourthPositionAndCompareDestinationAndSortDate@431cd9b2]" started-at="2024-09-13T07:46:53 IST" name="tearDown" finished-at="2024-09-13T07:46:53 IST" duration-ms="0" status="PASS">
          <params>
            <param index="0">
              <value>
                <![CDATA[[TestResult name=compareDestinationsWithExcelSheet status=SUCCESS method=checkFourthPositionAndCompareDestinationAndSortDate.compareDestinationsWithExcelSheet()[pri:-2, instance:com.eRail.testCases.checkFourthPositionAndCompareDestinationAndSortDate@431cd9b2] output=Click on the from textfield]]]>
              </value>
            </param>
          </params>
          <reporter-output>
          </reporter-output>
        </test-method> <!-- tearDown -->
        <test-method is-config="true" signature="beforeMethod()[pri:0, instance:com.eRail.testCases.checkFourthPositionAndCompareDestinationAndSortDate@431cd9b2]" started-at="2024-09-13T07:46:53 IST" name="beforeMethod" finished-at="2024-09-13T07:47:18 IST" duration-ms="24843" status="PASS">
          <reporter-output>
            <line>
              <![CDATA[Reading data from peroperty file]]>
            </line>
            <line>
              <![CDATA[data is https://erail.in/]]>
            </line>
            <line>
              <![CDATA[Open the web application]]>
            </line>
          </reporter-output>
        </test-method> <!-- beforeMethod -->
        <test-method signature="sortingAndSelectDate()[pri:-1, instance:com.eRail.testCases.checkFourthPositionAndCompareDestinationAndSortDate@431cd9b2]" started-at="2024-09-13T07:47:18 IST" name="sortingAndSelectDate" finished-at="2024-09-13T07:47:18 IST" duration-ms="495" status="PASS">
          <reporter-output>
            <line>
              <![CDATA[Click on the 'Sort on Date' textfield]]>
            </line>
            <line>
              <![CDATA[select date from sort on date field]]>
            </line>
          </reporter-output>
        </test-method> <!-- sortingAndSelectDate -->
        <test-method is-config="true" signature="tearDown(org.testng.ITestResult)[pri:0, instance:com.eRail.testCases.checkFourthPositionAndCompareDestinationAndSortDate@431cd9b2]" started-at="2024-09-13T07:47:18 IST" name="tearDown" finished-at="2024-09-13T07:47:18 IST" duration-ms="1" status="PASS">
          <params>
            <param index="0">
              <value>
                <![CDATA[[TestResult name=sortingAndSelectDate status=SUCCESS method=checkFourthPositionAndCompareDestinationAndSortDate.sortingAndSelectDate()[pri:-1, instance:com.eRail.testCases.checkFourthPositionAndCompareDestinationAndSortDate@431cd9b2] output=Click on the 'Sort on Date' textfield]]]>
              </value>
            </param>
          </params>
          <reporter-output>
          </reporter-output>
        </test-method> <!-- tearDown -->
        <test-method is-config="true" signature="tearDown()[pri:0, instance:com.eRail.testCases.checkFourthPositionAndCompareDestinationAndSortDate@431cd9b2]" started-at="2024-09-13T07:47:18 IST" name="tearDown" finished-at="2024-09-13T07:47:28 IST" duration-ms="9749" status="PASS">
          <reporter-output>
          </reporter-output>
        </test-method> <!-- tearDown -->
      </class> <!-- com.eRail.testCases.checkFourthPositionAndCompareDestinationAndSortDate -->
    </test> <!-- Default test -->
  </suite> <!-- Default suite -->
</testng-results>
